<?xml version="1.0" encoding="UTF-8"?>
<!-- Generated by org.testng.reporters.JUnitXMLReporter -->
<testsuite ignored="0" hostname="Kapils-MacBook-Air.local" failures="0" tests="5" name="Default test" time="12.886" errors="0" timestamp="2026-03-13T23:57:14 IST">
  <testcase classname="com.qa.opencart.tests.AccountPageTest" name="accPageHeaderTest" time="0.975"/>
  <testcase classname="com.qa.opencart.tests.AccountPageTest" name="accPageHeadersList" time="0.062"/>
  <testcase classname="com.qa.opencart.tests.AccountPageTest" name="accPageTitleTest" time="5.132"/>
  <testcase classname="com.qa.opencart.tests.AccountPageTest" name="logoutLinkExistsTest" time="0.037"/>
  <testcase classname="com.qa.opencart.tests.AccountPageTest" name="searchText" time="0.054"/>
</testsuite> <!-- Default test -->
