<?xml version="1.0" encoding="UTF-8"?>
<!-- Generated by org.testng.reporters.JUnitXMLReporter -->
<testsuite ignored="0" hostname="Kapils-MacBook-Air.local" failures="0" tests="5" name="Default test" time="5.118" errors="0" timestamp="2026-03-10T17:23:39 IST">
  <testcase classname="com.qa.opencart.tests.LoginPageTest" name="loginPageTitle" time="0.788"/>
  <testcase classname="com.qa.opencart.tests.LoginPageTest" name="loginPageURL" time="0.01"/>
  <testcase classname="com.qa.opencart.tests.LoginPageTest" name="isForgotPwdLinkDisplayed" time="0.026"/>
  <testcase classname="com.qa.opencart.tests.LoginPageTest" name="LoginTest" time="0.751"/>
  <testcase classname="com.qa.opencart.tests.LoginPageTest" name="logoutFromAccountPageTest" time="0.44"/>
</testsuite> <!-- Default test -->
