<?xml version="1.0" encoding="UTF-8"?>
<testng-results ignored="0" total="5" passed="5" failed="0" skipped="0">
  <reporter-output>
  </reporter-output>
  <suite started-at="2026-03-10T17:23:34 IST" name="Default suite" finished-at="2026-03-10T17:23:39 IST" duration-ms="5118">
    <groups>
    </groups>
    <test started-at="2026-03-10T17:23:34 IST" name="Default test" finished-at="2026-03-10T17:23:39 IST" duration-ms="5118">
      <class name="com.qa.opencart.tests.LoginPageTest">
        <test-method is-config="true" signature="setup()[pri:0, instance:com.qa.opencart.tests.LoginPageTest@1a451d4d]" started-at="2026-03-10T17:23:34 IST" name="setup" finished-at="2026-03-10T17:23:37 IST" duration-ms="3069" status="PASS">
          <reporter-output>
          </reporter-output>
        </test-method> <!-- setup -->
        <test-method signature="loginPageTitle()[pri:-13434, instance:com.qa.opencart.tests.LoginPageTest@1a451d4d]" started-at="2026-03-10T17:23:37 IST" name="loginPageTitle" finished-at="2026-03-10T17:23:38 IST" duration-ms="788" status="PASS">
          <reporter-output>
          </reporter-output>
        </test-method> <!-- loginPageTitle -->
        <test-method signature="loginPageURL()[pri:1, instance:com.qa.opencart.tests.LoginPageTest@1a451d4d]" started-at="2026-03-10T17:23:38 IST" name="loginPageURL" finished-at="2026-03-10T17:23:38 IST" duration-ms="10" status="PASS">
          <reporter-output>
          </reporter-output>
        </test-method> <!-- loginPageURL -->
        <test-method signature="isForgotPwdLinkDisplayed()[pri:2, instance:com.qa.opencart.tests.LoginPageTest@1a451d4d]" started-at="2026-03-10T17:23:38 IST" name="isForgotPwdLinkDisplayed" finished-at="2026-03-10T17:23:38 IST" duration-ms="26" status="PASS">
          <reporter-output>
          </reporter-output>
        </test-method> <!-- isForgotPwdLinkDisplayed -->
        <test-method signature="LoginTest()[pri:3, instance:com.qa.opencart.tests.LoginPageTest@1a451d4d]" started-at="2026-03-10T17:23:38 IST" name="LoginTest" finished-at="2026-03-10T17:23:39 IST" duration-ms="751" status="PASS">
          <reporter-output>
          </reporter-output>
        </test-method> <!-- LoginTest -->
        <test-method signature="logoutFromAccountPageTest()[pri:4, instance:com.qa.opencart.tests.LoginPageTest@1a451d4d]" started-at="2026-03-10T17:23:39 IST" name="logoutFromAccountPageTest" finished-at="2026-03-10T17:23:39 IST" duration-ms="440" status="PASS">
          <reporter-output>
          </reporter-output>
        </test-method> <!-- logoutFromAccountPageTest -->
      </class> <!-- com.qa.opencart.tests.LoginPageTest -->
    </test> <!-- Default test -->
  </suite> <!-- Default suite -->
</testng-results>
