<?xml version="1.0" encoding="UTF-8"?>
<testng-results ignored="0" total="5" passed="5" failed="0" skipped="0">
  <reporter-output>
  </reporter-output>
  <suite started-at="2026-03-13T23:57:01 IST" name="Default suite" finished-at="2026-03-13T23:57:14 IST" duration-ms="12886">
    <groups>
    </groups>
    <test started-at="2026-03-13T23:57:01 IST" name="Default test" finished-at="2026-03-13T23:57:14 IST" duration-ms="12886">
      <class name="com.qa.opencart.tests.AccountPageTest">
        <test-method is-config="true" signature="setup()[pri:0, instance:com.qa.opencart.tests.AccountPageTest@6e20b53a]" started-at="2026-03-13T23:57:01 IST" name="setup" finished-at="2026-03-13T23:57:07 IST" duration-ms="6217" status="PASS">
          <reporter-output>
          </reporter-output>
        </test-method> <!-- setup -->
        <test-method is-config="true" signature="accPageSetup()[pri:0, instance:com.qa.opencart.tests.AccountPageTest@6e20b53a]" started-at="2026-03-13T23:57:07 IST" name="accPageSetup" finished-at="2026-03-13T23:57:07 IST" duration-ms="376" status="PASS">
          <reporter-output>
          </reporter-output>
        </test-method> <!-- accPageSetup -->
        <test-method signature="accPageHeaderTest()[pri:0, instance:com.qa.opencart.tests.AccountPageTest@6e20b53a]" started-at="2026-03-13T23:57:07 IST" name="accPageHeaderTest" finished-at="2026-03-13T23:57:08 IST" duration-ms="975" status="PASS">
          <reporter-output>
          </reporter-output>
        </test-method> <!-- accPageHeaderTest -->
        <test-method signature="accPageHeadersList()[pri:0, instance:com.qa.opencart.tests.AccountPageTest@6e20b53a]" started-at="2026-03-13T23:57:08 IST" name="accPageHeadersList" finished-at="2026-03-13T23:57:08 IST" duration-ms="62" status="PASS">
          <reporter-output>
          </reporter-output>
        </test-method> <!-- accPageHeadersList -->
        <test-method signature="accPageTitleTest()[pri:0, instance:com.qa.opencart.tests.AccountPageTest@6e20b53a]" started-at="2026-03-13T23:57:08 IST" name="accPageTitleTest" finished-at="2026-03-13T23:57:14 IST" duration-ms="5132" status="PASS">
          <reporter-output>
          </reporter-output>
        </test-method> <!-- accPageTitleTest -->
        <test-method signature="logoutLinkExistsTest()[pri:0, instance:com.qa.opencart.tests.AccountPageTest@6e20b53a]" started-at="2026-03-13T23:57:14 IST" name="logoutLinkExistsTest" finished-at="2026-03-13T23:57:14 IST" duration-ms="37" status="PASS">
          <reporter-output>
          </reporter-output>
        </test-method> <!-- logoutLinkExistsTest -->
        <test-method signature="searchText()[pri:0, instance:com.qa.opencart.tests.AccountPageTest@6e20b53a]" started-at="2026-03-13T23:57:14 IST" name="searchText" finished-at="2026-03-13T23:57:14 IST" duration-ms="54" status="PASS">
          <reporter-output>
          </reporter-output>
        </test-method> <!-- searchText -->
      </class> <!-- com.qa.opencart.tests.AccountPageTest -->
    </test> <!-- Default test -->
  </suite> <!-- Default suite -->
</testng-results>
