<?xml version="1.0" encoding="UTF-8"?>
<!-- Generated by org.testng.reporters.JUnitReportReporter -->
<testsuite hostname="Kapils-MacBook-Air.local" failures="0" tests="5" name="com.qa.opencart.tests.LoginPageTest" time="2.015" errors="0" timestamp="2026-03-10T17:23:39 IST" skipped="0">
  <testcase classname="com.qa.opencart.tests.LoginPageTest" name="loginPageTitle" time="0.788"/>
  <testcase classname="com.qa.opencart.tests.LoginPageTest" name="loginPageURL" time="0.010"/>
  <testcase classname="com.qa.opencart.tests.LoginPageTest" name="isForgotPwdLinkDisplayed" time="0.026"/>
  <testcase classname="com.qa.opencart.tests.LoginPageTest" name="LoginTest" time="0.751"/>
  <testcase classname="com.qa.opencart.tests.LoginPageTest" name="logoutFromAccountPageTest" time="0.440"/>
</testsuite> <!-- com.qa.opencart.tests.LoginPageTest -->
