<?xml version="1.0" encoding="UTF-8"?>
<!-- Generated by org.testng.reporters.JUnitReportReporter -->
<testsuite hostname="Kapils-Air" failures="0" tests="4" name="com.qa.opencart.tests.AccountPageTest" time="0.105" errors="0" timestamp="2024-09-20T21:15:13 IST" skipped="0">
  <testcase classname="com.qa.opencart.tests.AccountPageTest" name="logoutLinkExistsTest" time="0.016"/>
  <testcase classname="com.qa.opencart.tests.AccountPageTest" name="accPageHeadersList" time="0.046"/>
  <testcase classname="com.qa.opencart.tests.AccountPageTest" name="accPageTitleTest" time="0.007"/>
  <testcase classname="com.qa.opencart.tests.AccountPageTest" name="accPageHeaderTest" time="0.036"/>
</testsuite> <!-- com.qa.opencart.tests.AccountPageTest -->
