<?xml version="1.0" encoding="UTF-8"?>
<!-- Generated by org.testng.reporters.JUnitReportReporter -->
<testsuite hostname="Kapils-MacBook-Air.local" failures="0" tests="10" name="com.qa.opencart.tests.CheckOutTest" time="12.741" errors="0" timestamp="2024-09-18T14:12:33 IST" skipped="0">
  <testcase classname="com.qa.opencart.tests.CheckOutTest" name="pickUptheOrder" time="0.678"/>
  <testcase classname="com.qa.opencart.tests.CheckOutTest" name="ClickContinue" time="2.115"/>
  <testcase classname="com.qa.opencart.tests.CheckOutTest" name="SelectTheProduct" time="1.090"/>
  <testcase classname="com.qa.opencart.tests.CheckOutTest" name="AddToCartButton" time="1.106"/>
  <testcase classname="com.qa.opencart.tests.CheckOutTest" name="ClickOnCartButton" time="0.078"/>
  <testcase classname="com.qa.opencart.tests.CheckOutTest" name="CheckOutButton" time="0.057"/>
  <testcase classname="com.qa.opencart.tests.CheckOutTest" name="GuestLoginButton" time="0.109"/>
  <testcase classname="com.qa.opencart.tests.CheckOutTest" name="FillCustomerDetailsForm" time="3.310"/>
  <testcase classname="com.qa.opencart.tests.CheckOutTest" name="ClickFormContinueButton" time="0.082"/>
  <testcase classname="com.qa.opencart.tests.CheckOutTest" name="finalContinueButton" time="4.116"/>
</testsuite> <!-- com.qa.opencart.tests.CheckOutTest -->
